<?xml version="1.0" encoding="UTF-8"?>
<!-- Generated by org.testng.reporters.JUnitXMLReporter -->
<testsuite ignored="2" hostname="DESKTOP-8Q5BL0R" failures="0" tests="5" name="Test" time="4.253" errors="0" timestamp="2024-04-12T12:54:05 IST">
  <testcase classname="com.GenericUtility.BaseClass" name="@BeforeClass openBrowser" time="-1.712906641601E9">
    <failure type="org.testng.TestNGException" message="
Parameter &amp;apos;BROWSER&amp;apos; is required by BeforeClass on method openBrowser but has not been marked @Optional or defined
in C:\Users\ranji\eclipse-workspace\com.Ecommerce.AlphaSophee\PARALLEL.xml">
      <![CDATA[org.testng.TestNGException: 
Parameter 'BROWSER' is required by BeforeClass on method openBrowser but has not been marked @Optional or defined
in C:\Users\ranji\eclipse-workspace\com.Ecommerce.AlphaSophee\PARALLEL.xml
at java.base/java.util.ArrayList.forEach(ArrayList.java:1511)
at java.base/java.util.concurrent.FutureTask.run(FutureTask.java:264)
at java.base/java.util.concurrent.ThreadPoolExecutor.runWorker(ThreadPoolExecutor.java:1136)
at java.base/java.util.concurrent.ThreadPoolExecutor$Worker.run(ThreadPoolExecutor.java:635)
at java.base/java.lang.Thread.run(Thread.java:833)
... Removed 12 stack frames]]>
    </failure>
  </testcase> <!-- @BeforeClass openBrowser -->
  <testcase classname="com.GenericUtility.BaseClass" name="@BeforeClass openBrowser" time="-1.712906641674E9">
    <failure type="org.testng.TestNGException" message="
Parameter &amp;apos;BROWSER&amp;apos; is required by BeforeClass on method openBrowser but has not been marked @Optional or defined
in C:\Users\ranji\eclipse-workspace\com.Ecommerce.AlphaSophee\PARALLEL.xml">
      <![CDATA[org.testng.TestNGException: 
Parameter 'BROWSER' is required by BeforeClass on method openBrowser but has not been marked @Optional or defined
in C:\Users\ranji\eclipse-workspace\com.Ecommerce.AlphaSophee\PARALLEL.xml
at java.base/java.util.ArrayList.forEach(ArrayList.java:1511)
at java.base/java.util.concurrent.FutureTask.run(FutureTask.java:264)
at java.base/java.util.concurrent.ThreadPoolExecutor.runWorker(ThreadPoolExecutor.java:1136)
at java.base/java.util.concurrent.ThreadPoolExecutor$Worker.run(ThreadPoolExecutor.java:635)
at java.base/java.lang.Thread.run(Thread.java:833)
... Removed 12 stack frames]]>
    </failure>
  </testcase> <!-- @BeforeClass openBrowser -->
  <testcase classname="com.GenericUtility.BaseClass" name="@AfterClass CloseBrowser" time="2.014">
    <failure type="java.lang.NullPointerException" message="Cannot invoke &amp;quot;org.openqa.selenium.WebDriver.quit()&amp;quot; because &amp;quot;this.driver&amp;quot; is null">
      <![CDATA[java.lang.NullPointerException: Cannot invoke "org.openqa.selenium.WebDriver.quit()" because "this.driver" is null
at com.GenericUtility.BaseClass.CloseBrowser(BaseClass.java:55)
at java.base/java.util.ArrayList.forEach(ArrayList.java:1511)
at java.base/java.util.concurrent.FutureTask.run(FutureTask.java:264)
at java.base/java.util.concurrent.ThreadPoolExecutor.runWorker(ThreadPoolExecutor.java:1136)
at java.base/java.util.concurrent.ThreadPoolExecutor$Worker.run(ThreadPoolExecutor.java:635)
at java.base/java.lang.Thread.run(Thread.java:833)
... Removed 15 stack frames]]>
    </failure>
  </testcase> <!-- @AfterClass CloseBrowser -->
  <testcase classname="com.GenericUtility.BaseClass" name="@AfterClass CloseBrowser" time="2.008">
    <failure type="java.lang.NullPointerException" message="Cannot invoke &amp;quot;org.openqa.selenium.WebDriver.quit()&amp;quot; because &amp;quot;this.driver&amp;quot; is null">
      <![CDATA[java.lang.NullPointerException: Cannot invoke "org.openqa.selenium.WebDriver.quit()" because "this.driver" is null
at com.GenericUtility.BaseClass.CloseBrowser(BaseClass.java:55)
at java.base/java.util.ArrayList.forEach(ArrayList.java:1511)
at java.base/java.util.concurrent.FutureTask.run(FutureTask.java:264)
at java.base/java.util.concurrent.ThreadPoolExecutor.runWorker(ThreadPoolExecutor.java:1136)
at java.base/java.util.concurrent.ThreadPoolExecutor$Worker.run(ThreadPoolExecutor.java:635)
at java.base/java.lang.Thread.run(Thread.java:833)
... Removed 15 stack frames]]>
    </failure>
  </testcase> <!-- @AfterClass CloseBrowser -->
  <testcase classname="Adminmodule.AdminCanAbleCreateTheProductAndUserCanAbleToseeTheProductTest" name="AdminCanAbleCreateTheProductAndUserCanAbleToseeTheProductTest" time="0.001">
    <skipped/>
  </testcase> <!-- AdminCanAbleCreateTheProductAndUserCanAbleToseeTheProductTest -->
  <testcase classname="UserModule.ToCreateAccTest" name="ToCreateAccTest" time="0.0">
    <skipped/>
  </testcase> <!-- ToCreateAccTest -->
  <testcase classname="UserModule.ToCreateAccTest" name="UserCanAddTheProductToShoppingCartTest" time="0.0">
    <skipped/>
  </testcase> <!-- UserCanAddTheProductToShoppingCartTest -->
  <testcase classname="Adminmodule.AdminCanAbleCreateTheProductAndUserCanAbleToseeTheProductTest" name="AdminCanAbleToaddTheProductandCanAbleToUpdateTheProductTest" time="0.007">
    <skipped/>
  </testcase> <!-- AdminCanAbleToaddTheProductandCanAbleToUpdateTheProductTest -->
  <testcase classname="Adminmodule.AdminCanAbleCreateTheProductAndUserCanAbleToseeTheProductTest" name="AdminCanApprovetheProductTest" time="0.0">
    <skipped/>
  </testcase> <!-- AdminCanApprovetheProductTest -->
  <testcase classname="com.GenericUtility.BaseClass" name="@AfterSuite DBconnectionCl" time="0.0">
    <ignored/>
  </testcase> <!-- @AfterSuite DBconnectionCl -->
  <testcase classname="com.GenericUtility.BaseClass" name="@BeforeSuite DBconnect" time="0.0">
    <ignored/>
  </testcase> <!-- @BeforeSuite DBconnect -->
</testsuite> <!-- Test -->
